2025-09-06 18:32:22.056 [main] INFO  c.d.d.DietiEstatesBackend - Starting DietiEstatesBackend v0.0.1-SNAPSHOT using Java 21.0.8 with PID 1 (/app/app.jar started by ? in /app)
2025-09-06 18:32:22.059 [main] DEBUG c.d.d.DietiEstatesBackend - Running with Spring Boot v3.5.4, Spring v6.2.10
2025-09-06 18:32:22.060 [main] INFO  c.d.d.DietiEstatesBackend - No active profile set, falling back to 1 default profile: "default"
2025-09-06 18:32:22.477 [main] INFO  o.s.d.r.c.RepositoryConfigurationDelegate - Bootstrapping Spring Data JPA repositories in DEFAULT mode.
2025-09-06 18:32:22.567 [main] INFO  o.s.d.r.c.RepositoryConfigurationDelegate - Finished Spring Data repository scanning in 85 ms. Found 9 JPA repository interfaces.
2025-09-06 18:32:22.947 [main] INFO  o.s.b.w.e.tomcat.TomcatWebServer - Tomcat initialized with port 8080 (http)
2025-09-06 18:32:22.953 [main] INFO  o.a.catalina.core.StandardService - Starting service [Tomcat]
2025-09-06 18:32:22.954 [main] INFO  o.a.catalina.core.StandardEngine - Starting Servlet engine: [Apache Tomcat/10.1.43]
2025-09-06 18:32:22.965 [main] INFO  o.a.c.c.C.[Tomcat].[localhost].[/] - Initializing Spring embedded WebApplicationContext
2025-09-06 18:32:22.965 [main] INFO  o.s.b.w.s.c.ServletWebServerApplicationContext - Root WebApplicationContext: initialization completed in 874 ms
2025-09-06 18:32:23.012 [main] DEBUG c.d.d.s.JwtAuthenticationFilter - Filter 'jwtAuthenticationFilter' configured for use
2025-09-06 18:32:23.078 [main] INFO  o.h.jpa.internal.util.LogHelper - HHH000204: Processing PersistenceUnitInfo [name: default]
2025-09-06 18:32:23.107 [main] INFO  org.hibernate.Version - HHH000412: Hibernate ORM core version 6.6.22.Final
2025-09-06 18:32:23.123 [main] INFO  o.h.c.i.RegionFactoryInitiator - HHH000026: Second-level cache disabled
2025-09-06 18:32:23.265 [main] INFO  o.s.o.j.p.SpringPersistenceUnitInfo - No LoadTimeWeaver setup: ignoring JPA class transformer
2025-09-06 18:32:23.282 [main] INFO  com.zaxxer.hikari.HikariDataSource - HikariPool-1 - Starting...
2025-09-06 18:32:23.881 [main] INFO  com.zaxxer.hikari.pool.HikariPool - HikariPool-1 - Added connection org.postgresql.jdbc.PgConnection@3c4c7e51
2025-09-06 18:32:23.882 [main] INFO  com.zaxxer.hikari.HikariDataSource - HikariPool-1 - Start completed.
2025-09-06 18:32:23.933 [main] WARN  org.hibernate.orm.deprecation - HHH90000025: PostgreSQLDialect does not need to be specified explicitly using 'hibernate.dialect' (remove the property setting and it will be selected by default)
2025-09-06 18:32:24.042 [main] INFO  o.hibernate.orm.connections.pooling - HHH10001005: Database info:
	Database JDBC URL [Connecting through datasource 'HikariDataSource (HikariPool-1)']
	Database driver: undefined/unknown
	Database version: 17.5
	Autocommit mode: undefined/unknown
	Isolation level: undefined/unknown
	Minimum pool size: undefined/unknown
	Maximum pool size: undefined/unknown
2025-09-06 18:32:24.675 [main] INFO  o.h.e.t.j.p.i.JtaPlatformInitiator - HHH000489: No JTA platform available (set 'hibernate.transaction.jta.platform' to enable JTA platform integration)
2025-09-06 18:32:28.108 [main] INFO  o.s.o.j.LocalContainerEntityManagerFactoryBean - Initialized JPA EntityManagerFactory for persistence unit 'default'
2025-09-06 18:32:28.460 [main] INFO  o.s.d.j.r.query.QueryEnhancerFactory - Hibernate is in classpath; If applicable, HQL parser will be used.
2025-09-06 18:32:28.725 [main] INFO  o.s.s.c.a.a.c.InitializeUserDetailsBeanManagerConfigurer$InitializeUserDetailsManagerConfigurer - Global AuthenticationManager configured with UserDetailsService bean with name customUserDetailsService
2025-09-06 18:32:29.087 [main] DEBUG o.s.s.web.DefaultSecurityFilterChain - Will secure any request with filters: DisableEncodeUrlFilter, WebAsyncManagerIntegrationFilter, SecurityContextHolderFilter, HeaderWriterFilter, JwtAuthenticationFilter, RequestCacheAwareFilter, SecurityContextHolderAwareRequestFilter, AnonymousAuthenticationFilter, SessionManagementFilter, ExceptionTranslationFilter, AuthorizationFilter
2025-09-06 18:32:29.250 [main] INFO  o.s.b.w.e.tomcat.TomcatWebServer - Tomcat started on port 8080 (http) with context path '/'
2025-09-06 18:32:29.262 [main] INFO  c.d.d.DietiEstatesBackend - Started DietiEstatesBackend in 7.482 seconds (process running for 7.815)
2025-09-06 18:32:36.717 [http-nio-8080-exec-1] INFO  o.a.c.c.C.[Tomcat].[localhost].[/] - Initializing Spring DispatcherServlet 'dispatcherServlet'
2025-09-06 18:32:36.718 [http-nio-8080-exec-1] INFO  o.s.web.servlet.DispatcherServlet - Initializing Servlet 'dispatcherServlet'
2025-09-06 18:32:36.722 [http-nio-8080-exec-1] INFO  o.s.web.servlet.DispatcherServlet - Completed initialization in 3 ms
2025-09-06 18:32:36.737 [http-nio-8080-exec-1] DEBUG o.s.security.web.FilterChainProxy - Securing POST /properties
2025-09-06 18:32:36.822 [http-nio-8080-exec-1] DEBUG o.s.s.w.a.AnonymousAuthenticationFilter - Set SecurityContextHolder to anonymous SecurityContext
2025-09-06 18:32:36.824 [http-nio-8080-exec-1] DEBUG o.s.s.w.a.Http403ForbiddenEntryPoint - Pre-authenticated entry point called. Rejecting access
2025-09-06 18:32:36.828 [http-nio-8080-exec-1] DEBUG o.s.security.web.FilterChainProxy - Securing POST /error
2025-09-06 18:32:36.829 [http-nio-8080-exec-1] DEBUG o.s.s.w.a.AnonymousAuthenticationFilter - Set SecurityContextHolder to anonymous SecurityContext
2025-09-06 18:32:36.829 [http-nio-8080-exec-1] DEBUG o.s.s.w.a.Http403ForbiddenEntryPoint - Pre-authenticated entry point called. Rejecting access
2025-09-06 18:32:39.725 [http-nio-8080-exec-3] DEBUG o.s.security.web.FilterChainProxy - Securing POST /auth/login
2025-09-06 18:32:39.727 [http-nio-8080-exec-3] DEBUG o.s.s.w.a.AnonymousAuthenticationFilter - Set SecurityContextHolder to anonymous SecurityContext
2025-09-06 18:32:39.731 [http-nio-8080-exec-3] DEBUG o.s.security.web.FilterChainProxy - Secured POST /auth/login
2025-09-06 18:32:39.936 [http-nio-8080-exec-3] DEBUG org.hibernate.SQL - 
    select
        u1_0.id,
        u1_0.id_agency,
        u1_0.created_at,
        u1_0.email,
        u1_0.first_name,
        u1_0.is_agent,
        u1_0.is_manager,
        u1_0.last_name,
        u1_0.license,
        u1_0.password,
        u1_0.username 
    from
        dieti_estates.user u1_0 
    where
        u1_0.email=?
2025-09-06 18:32:40.361 [http-nio-8080-exec-3] DEBUG org.hibernate.SQL - 
    select
        u1_0.id,
        u1_0.id_agency,
        u1_0.created_at,
        u1_0.email,
        u1_0.first_name,
        u1_0.is_agent,
        u1_0.is_manager,
        u1_0.last_name,
        u1_0.license,
        u1_0.password,
        u1_0.username 
    from
        dieti_estates.user u1_0 
    where
        u1_0.username=?
2025-09-06 18:32:40.713 [http-nio-8080-exec-3] DEBUG o.s.s.a.d.DaoAuthenticationProvider - Authenticated user
2025-09-06 18:32:40.716 [http-nio-8080-exec-3] DEBUG org.hibernate.SQL - 
    select
        u1_0.id,
        u1_0.id_agency,
        u1_0.created_at,
        u1_0.email,
        u1_0.first_name,
        u1_0.is_agent,
        u1_0.is_manager,
        u1_0.last_name,
        u1_0.license,
        u1_0.password,
        u1_0.username 
    from
        dieti_estates.user u1_0 
    where
        u1_0.username=?
2025-09-06 18:32:40.832 [http-nio-8080-exec-3] DEBUG org.hibernate.SQL - 
    select
        u1_0.id,
        u1_0.id_agency,
        u1_0.created_at,
        u1_0.email,
        u1_0.first_name,
        u1_0.is_agent,
        u1_0.is_manager,
        u1_0.last_name,
        u1_0.license,
        u1_0.password,
        u1_0.username 
    from
        dieti_estates.user u1_0 
    where
        u1_0.username=?
2025-09-06 18:32:40.892 [http-nio-8080-exec-3] DEBUG org.hibernate.SQL - 
    insert 
    into
        dieti_estates.refresh_token
        (created_at, expiry_date, token_value, user_id) 
    values
        (?, ?, ?, ?)
2025-09-06 18:33:00.208 [http-nio-8080-exec-5] DEBUG o.s.security.web.FilterChainProxy - Securing POST /properties
2025-09-06 18:33:00.287 [http-nio-8080-exec-5] DEBUG c.d.d.s.JwtAuthenticationFilter - Authenticated principal class=com.dieti.dietiestatesbackend.security.AuthenticatedUser, id=6, isManager=false
2025-09-06 18:33:00.288 [http-nio-8080-exec-5] DEBUG o.s.security.web.FilterChainProxy - Secured POST /properties
2025-09-06 18:33:00.376 [http-nio-8080-exec-5] DEBUG org.hibernate.SQL - 
    select
        count(h1_0.id) 
    from
        dieti_estates.heating h1_0 
    where
        h1_0.name=?
2025-09-06 18:33:00.456 [http-nio-8080-exec-5] DEBUG c.d.d.s.l.CategoryLookupServiceImpl - Attempting to find category by name: Apartment (from DB, not cache)
2025-09-06 18:33:00.463 [http-nio-8080-exec-5] DEBUG org.hibernate.SQL - 
    select
        pc1_0.id,
        pc1_0.created_at,
        pc1_0.is_active,
        pc1_0.name,
        pc1_0.property_type 
    from
        dieti_estates.property_category pc1_0 
    where
        pc1_0.name=?
2025-09-06 18:33:00.494 [http-nio-8080-exec-5] DEBUG c.d.d.s.l.CategoryLookupServiceImpl - Category found for name: Apartment
2025-09-06 18:33:00.501 [http-nio-8080-exec-5] DEBUG org.hibernate.SQL - 
    select
        count(pc1_0.id) 
    from
        dieti_estates.property_category pc1_0 
    where
        pc1_0.name=?
2025-09-06 18:33:00.566 [http-nio-8080-exec-5] DEBUG o.s.s.a.m.AuthorizationManagerBeforeMethodInterceptor - Authorizing method invocation ReflectiveMethodInvocation: public org.springframework.http.ResponseEntity com.dieti.dietiestatesbackend.controller.PropertiesController.createProperty(com.dieti.dietiestatesbackend.dto.request.CreatePropertyRequest,org.springframework.security.core.Authentication); target is of class [com.dieti.dietiestatesbackend.controller.PropertiesController]
2025-09-06 18:33:00.575 [http-nio-8080-exec-5] DEBUG c.d.d.security.SecurityUtil - isAgentOrManager - principal: com.dieti.dietiestatesbackend.security.AuthenticatedUser@6, agentId: 6
2025-09-06 18:33:00.575 [http-nio-8080-exec-5] DEBUG c.d.d.security.SecurityUtil - isAgentOrManager - principal id: 6, isManager: false
2025-09-06 18:33:00.575 [http-nio-8080-exec-5] DEBUG c.d.d.security.SecurityUtil - isAgentOrManager - confronto principal.id == agentId ? true
2025-09-06 18:33:00.576 [http-nio-8080-exec-5] DEBUG o.s.s.a.m.AuthorizationManagerBeforeMethodInterceptor - Authorized method invocation ReflectiveMethodInvocation: public org.springframework.http.ResponseEntity com.dieti.dietiestatesbackend.controller.PropertiesController.createProperty(com.dieti.dietiestatesbackend.dto.request.CreatePropertyRequest,org.springframework.security.core.Authentication); target is of class [com.dieti.dietiestatesbackend.controller.PropertiesController]
2025-09-06 18:33:00.576 [http-nio-8080-exec-5] DEBUG c.d.d.c.PropertiesController - POST /properties - request: CreateResidentialPropertyRequest(numberOfRooms=3, numberOfBathrooms=2, parkingSpaces=1, heatingType=gas, garden=ABSENT, isFurnished=false, floor=1, numberOfFloors=2, hasElevator=false)
2025-09-06 18:33:00.578 [http-nio-8080-exec-5] DEBUG c.d.d.c.PropertiesController - Dettagli CreatePropertyRequest: CreateResidentialPropertyRequest(numberOfRooms=3, numberOfBathrooms=2, parkingSpaces=1, heatingType=gas, garden=ABSENT, isFurnished=false, floor=1, numberOfFloors=2, hasElevator=false)
2025-09-06 18:33:00.579 [http-nio-8080-exec-5] DEBUG org.hibernate.SQL - 
    select
        count(h1_0.id) 
    from
        dieti_estates.heating h1_0 
    where
        h1_0.name=?
2025-09-06 18:33:00.610 [http-nio-8080-exec-5] DEBUG org.hibernate.SQL - 
    select
        count(pc1_0.id) 
    from
        dieti_estates.property_category pc1_0 
    where
        pc1_0.name=?
2025-09-06 18:33:00.651 [http-nio-8080-exec-5] DEBUG c.d.d.s.PropertyManagementService - Inizio creazione proprietà per categoria: Apartment
2025-09-06 18:33:00.653 [http-nio-8080-exec-5] DEBUG org.hibernate.SQL - 
    select
        u1_0.id,
        u1_0.id_agency,
        u1_0.created_at,
        u1_0.email,
        u1_0.first_name,
        u1_0.is_agent,
        u1_0.is_manager,
        u1_0.last_name,
        u1_0.license,
        u1_0.password,
        u1_0.username 
    from
        dieti_estates.user u1_0 
    where
        u1_0.username=?
2025-09-06 18:33:00.688 [http-nio-8080-exec-5] DEBUG org.hibernate.SQL - 
    select
        c1_0.id,
        c1_0.created_at,
        c1_0.is_active,
        c1_0.name 
    from
        dieti_estates.contract c1_0 
    where
        c1_0.name=?
2025-09-06 18:33:00.719 [http-nio-8080-exec-5] DEBUG c.d.d.s.g.p.GeoapifyGeocodingService - Geocoding address: Via Ferrara 27, Castel Volturno, Caserta, Italy
2025-09-06 18:33:01.758 [reactor-http-nio-2] DEBUG c.d.d.s.g.p.GeoapifyGeocodingService - Coordinates found: com.dieti.dietiestatesbackend.entities.Coordinates@67478b6e
2025-09-06 18:33:01.765 [http-nio-8080-exec-5] DEBUG org.hibernate.SQL - 
    insert 
    into
        dieti_estates.address
        (building, city, latitude, longitude, country, created_at, province, street, street_number) 
    values
        (?, ?, ?, ?, ?, ?, ?, ?, ?)
2025-09-06 18:33:01.798 [http-nio-8080-exec-5] DEBUG c.d.d.service.AddressServiceImpl - Indirizzo creato con id=57
2025-09-06 18:33:01.800 [http-nio-8080-exec-5] DEBUG org.hibernate.SQL - 
    select
        h1_0.id,
        h1_0.created_at,
        h1_0.is_active,
        h1_0.name 
    from
        dieti_estates.heating h1_0 
    where
        h1_0.name=?
2025-09-06 18:33:01.830 [http-nio-8080-exec-5] DEBUG c.d.d.s.PropertyCreationService - Property mappata prima del salvataggio: com.dieti.dietiestatesbackend.entities.ResidentialProperty@7c66f1d8
2025-09-06 18:33:01.849 [http-nio-8080-exec-5] DEBUG org.hibernate.SQL - 
    insert 
    into
        dieti_estates.property
        (additional_features, id_address, id_agent, area, id_contract, created_at, description, energy_rating, price, id_property_category, status, year_built, property_type) 
    values
        (?, ?, ?, ?, ?, ?, ?, ?, ?, ?, ?, ?, 'RESIDENTIAL')
2025-09-06 18:33:01.882 [http-nio-8080-exec-5] DEBUG org.hibernate.SQL - 
    insert 
    into
        dieti_estates.residential_property
        (floor, garden, has_elevator, id_heating, is_furnished, number_of_bathrooms, number_of_floors, number_of_rooms, parking_spaces, id) 
    values
        (?, ?, ?, ?, ?, ?, ?, ?, ?, ?)
2025-09-06 18:33:01.917 [http-nio-8080-exec-5] DEBUG c.d.d.s.PropertyCreationService - Property salvata con successo id=38 type=ResidentialProperty
2025-09-06 18:33:01.917 [http-nio-8080-exec-5] DEBUG c.d.d.s.PropertyCreationService - Created property id=38 type=ResidentialProperty
2025-09-06 18:33:01.917 [http-nio-8080-exec-5] DEBUG c.d.d.s.PropertyManagementService - PropertyType derivato dalla categoria: RESIDENTIAL
2025-09-06 18:33:01.920 [http-nio-8080-exec-5] INFO  c.d.d.s.PropertyManagementService - Property created id=38, type=RESIDENTIAL
2025-09-06 18:33:01.926 [http-nio-8080-exec-5] DEBUG org.hibernate.SQL - 
    insert 
    into
        dieti_estates.property_images
        (id_property, image_path) 
    values
        (?, ?)
2025-09-06 18:33:01.956 [http-nio-8080-exec-5] DEBUG org.hibernate.SQL - 
    insert 
    into
        dieti_estates.property_images
        (id_property, image_path) 
    values
        (?, ?)
2025-09-06 18:33:02.016 [http-nio-8080-exec-5] DEBUG c.d.d.c.PropertiesController - Property creata id=38
